<?xml version="1.0" encoding="UTF-8"?>
<testsuite xmlns:xsi="http://www.w3.org/2001/XMLSchema-instance" xsi:noNamespaceSchemaLocation="https://maven.apache.org/surefire/maven-surefire-plugin/xsd/surefire-test-report.xsd" version="3.0.2" name="com.bikkadIT.MainMavenApplicationTests" time="4.891" tests="1" errors="0" skipped="0" failures="0">
  <properties>
[...]
</properties>
  <testcase name="contextLoads" classname="com.bikkadIT.MainMavenApplicationTests" time="1.176">
    <system-out><![CDATA[17:58:23.687 [main] INFO org.springframework.test.context.support.AnnotationConfigContextLoaderUtils -- Could not detect default configuration classes for test class [com.bikkadIT.MainMavenApplicationTests]: MainMavenApplicationTests does not declare any static, non-private, non-final, nested classes annotated with @Configuration.
17:58:23.906 [main] INFO org.springframework.boot.test.context.SpringBootTestContextBootstrapper -- Found @SpringBootConfiguration com.bikkadIT.MainMavenApplication for test class com.bikkadIT.MainMavenApplicationTests
17:58:24.218 [main] INFO org.springframework.boot.devtools.restart.RestartApplicationListener -- Restart disabled due to context in which it is running

  .   ____          _            __ _ _
 /\\ / ___'_ __ _ _(_)_ __  __ _ \ \ \ \
( ( )\___ | '_ | '_| | '_ \/ _` | \ \ \ \
 \\/  ___)| |_)| | | | | || (_| |  ) ) ) )
  '  |____| .__|_| |_|_| |_\__, | / / / /
 =========|_|==============|___/=/_/_/_/

 :: Spring Boot ::                (v3.5.6)

2025-09-20T17:58:24.756+05:30  INFO 4200 --- [MainMaven] [           main] com.bikkadIT.MainMavenApplicationTests   : Starting MainMavenApplicationTests using Java 21.0.7 with PID 4200 (started by ADMIY in C:\MavenBuildTool\MainMaven)
2025-09-20T17:58:24.759+05:30  INFO 4200 --- [MainMaven] [           main] com.bikkadIT.MainMavenApplicationTests   : No active profile set, falling back to 1 default profile: "default"
2025-09-20T17:58:27.101+05:30  INFO 4200 --- [MainMaven] [           main] com.bikkadIT.MainMavenApplicationTests   : Started MainMavenApplicationTests in 2.903 seconds (process running for 4.6)
]]></system-out>
    <system-err><![CDATA[Mockito is currently self-attaching to enable the inline-mock-maker. This will no longer work in future releases of the JDK. Please add Mockito as an agent to your build as described in Mockito's documentation: https://javadoc.io/doc/org.mockito/mockito-core/latest/org.mockito/org/mockito/Mockito.html#0.3
WARNING: A Java agent has been loaded dynamically (C:\Users\ADMIY\.m2\repository\net\bytebuddy\byte-buddy-agent\1.17.7\byte-buddy-agent-1.17.7.jar)
WARNING: If a serviceability tool is in use, please run with -XX:+EnableDynamicAgentLoading to hide this warning
WARNING: If a serviceability tool is not in use, please run with -Djdk.instrument.traceUsage for more information
WARNING: Dynamic loading of agents will be disallowed by default in a future release
]]></system-err>
  </testcase>
</testsuite>